<?xml version="1.0" encoding="UTF-8"?>
<!-- Generated by org.testng.reporters.JUnitReportReporter -->
<testsuite skipped="0" hostname="DESKTOP-8S1AVJB" name="travels_tests.ExtrasAddTest" tests="1" failures="0" timestamp="2019-12-15T16:06:49 CET" time="9.564" errors="0">
  <testcase name="addTest" time="9.564" classname="travels_tests.ExtrasAddTest"/>
</testsuite> <!-- travels_tests.ExtrasAddTest -->
