<?xml version="1.0" encoding="UTF-8"?>
<!-- Generated by org.testng.reporters.JUnitReportReporter -->
<testsuite skipped="0" hostname="DESKTOP-8S1AVJB" name="travels_tests.MenuTest" tests="6" failures="0" timestamp="2019-12-15T16:09:20 CET" time="84.874" errors="0">
  <testcase name="ManuUpdates" time="20.570" classname="travels_tests.MenuTest"/>
  <testcase name="ManuModules" time="10.945" classname="travels_tests.MenuTest"/>
  <testcase name="ManuCoupons" time="10.055" classname="travels_tests.MenuTest"/>
  <testcase name="ManuNewsletters" time="13.688" classname="travels_tests.MenuTest"/>
  <testcase name="ManuBooking" time="16.378" classname="travels_tests.MenuTest"/>
  <testcase name="ManuTours" time="13.238" classname="travels_tests.MenuTest"/>
</testsuite> <!-- travels_tests.MenuTest -->
